c:\users\ant\source\repos\xenbot\xenbot\build\win32\debug\vc141.pdb
c:\users\ant\source\repos\xenbot\xenbot\build\win32\debug\vc141.idb
c:\users\ant\source\repos\xenbot\xenbot\build\win32\debug\xenmonconnect.obj
c:\users\ant\source\repos\xenbot\xenbot\build\win32\debug\xengui_template.obj
c:\users\ant\source\repos\xenbot\xenbot\build\win32\debug\xengui.obj
c:\users\ant\source\repos\xenbot\xenbot\build\win32\debug\wxwidgets_bootstraps.obj
c:\users\ant\source\repos\xenbot\xenbot\build\win32\debug\wrap_dinput8.obj
c:\users\ant\source\repos\xenbot\xenbot\build\win32\debug\utils.obj
c:\users\ant\source\repos\xenbot\xenbot\build\win32\debug\unit.obj
c:\users\ant\source\repos\xenbot\xenbot\build\win32\debug\path.obj
c:\users\ant\source\repos\xenbot\xenbot\build\win32\debug\packetmanager.obj
c:\users\ant\source\repos\xenbot\xenbot\build\win32\debug\memorymanager.obj
c:\users\ant\source\repos\xenbot\xenbot\build\win32\debug\memalter.obj
c:\users\ant\source\repos\xenbot\xenbot\build\win32\debug\logger.obj
c:\users\ant\source\repos\xenbot\xenbot\build\win32\debug\idinputdevice8_mouse.obj
c:\users\ant\source\repos\xenbot\xenbot\build\win32\debug\idinputdevice8_keyboard.obj
c:\users\ant\source\repos\xenbot\xenbot\build\win32\debug\idinputdevice8.obj
c:\users\ant\source\repos\xenbot\xenbot\build\win32\debug\idinput8.obj
c:\users\ant\source\repos\xenbot\xenbot\build\win32\debug\gameworld.obj
c:\users\ant\source\repos\xenbot\xenbot\build\win32\debug\dllmain.obj
c:\users\ant\source\repos\xenbot\xenbot\build\win32\debug\bot.obj
c:\users\ant\desktop\xenimus clients\xen _m\dinput8.dll
c:\users\ant\desktop\xenimus clients\xen _m\dinput8.ilk
c:\users\ant\desktop\xenimus clients\xen _m\dinput8.pdb
c:\users\ant\desktop\xenimus clients\xen _m\dinput8.lib
c:\users\ant\desktop\xenimus clients\xen _m\dinput8.exp
c:\users\ant\source\repos\xenbot\xenbot\..\..\..\..\desktop\xenimus clients\xen _m\dinput8.dll
c:\users\ant\source\repos\xenbot\xenbot\build\win32\debug\xenimusbot.tlog\cl.command.1.tlog
c:\users\ant\source\repos\xenbot\xenbot\build\win32\debug\xenimusbot.tlog\cl.read.1.tlog
c:\users\ant\source\repos\xenbot\xenbot\build\win32\debug\xenimusbot.tlog\cl.write.1.tlog
c:\users\ant\source\repos\xenbot\xenbot\build\win32\debug\xenimusbot.tlog\link.command.1.tlog
c:\users\ant\source\repos\xenbot\xenbot\build\win32\debug\xenimusbot.tlog\link.read.1.tlog
c:\users\ant\source\repos\xenbot\xenbot\build\win32\debug\xenimusbot.tlog\link.write.1.tlog
c:\users\ant\source\repos\xenbot\xenbot\build\win32\debug\xenimusbot.tlog\xenimusbot.write.1u.tlog
